 Î“ĂśĂˇ Linting is disabled.
   Î“Ă»â–“ Next.js 15.5.19
   - Environments: .env

   Creating an optimized production build ...
 Î“ÂŁĂ´ Compiled successfully in 9.3s
   Checking validity of types ...
   Collecting page data ...
   Generating static pages (0/53) ...
   Generating static pages (13/53) 
   Generating static pages (26/53) 
   Generating static pages (39/53) 
 Î“ÂŁĂ´ Generating static pages (53/53)
   Finalizing page optimization ...
   Collecting build traces ...

Route (app)                                 Size  First Load JS  Revalidate  Expire
Î“Ă¶Ă® Î“ĂąĂŻ /                                    3.46 kB         106 kB          1m      1y
Î“Ă¶ÂŁ Î“ĂąĂŻ /_not-found                            995 B         103 kB
Î“Ă¶ÂŁ â•žĂ† /admin                               5.78 kB         169 kB
Î“Ă¶ÂŁ â•žĂ† /api/admin/charities                   227 B         103 kB
Î“Ă¶ÂŁ â•žĂ† /api/admin/charities/[id]              227 B         103 kB
Î“Ă¶ÂŁ â•žĂ† /api/admin/draws                       227 B         103 kB
Î“Ă¶ÂŁ â•žĂ† /api/admin/draws/status                227 B         103 kB
Î“Ă¶ÂŁ â•žĂ† /api/admin/payouts                     227 B         103 kB
Î“Ă¶ÂŁ â•žĂ† /api/admin/payouts/mark-paid           227 B         103 kB
Î“Ă¶ÂŁ â•žĂ† /api/admin/run-draw                    227 B         103 kB
Î“Ă¶ÂŁ â•žĂ† /api/admin/scores                      227 B         103 kB
Î“Ă¶ÂŁ â•žĂ† /api/admin/subscriptions               227 B         103 kB
Î“Ă¶ÂŁ â•žĂ† /api/admin/users                       227 B         103 kB
Î“Ă¶ÂŁ â•žĂ† /api/admin/users/role                  227 B         103 kB
Î“Ă¶ÂŁ â•žĂ† /api/admin/winners                     227 B         103 kB
Î“Ă¶ÂŁ â•žĂ† /api/admin/winners/list                227 B         103 kB
Î“Ă¶ÂŁ â•žĂ† /api/admin/winners/payout              227 B         103 kB
Î“Ă¶ÂŁ â•žĂ† /api/admin/winners/review              227 B         103 kB
Î“Ă¶ÂŁ â•žĂ† /api/auth/confirm                      227 B         103 kB
Î“Ă¶ÂŁ â•žĂ† /api/auth/create-profile               227 B         103 kB
Î“Ă¶ÂŁ â•žĂ† /api/auth/logout                       227 B         103 kB
Î“Ă¶ÂŁ â•žĂ† /api/auth/register                     227 B         103 kB
Î“Ă¶ÂŁ â•žĂ† /api/auth/role                         227 B         103 kB
Î“Ă¶ÂŁ â•žĂ† /api/auth/set-session                  227 B         103 kB
Î“Ă¶ÂŁ â•žĂ† /api/charities                         227 B         103 kB
Î“Ă¶ÂŁ â•žĂ† /api/charities/[id]                    227 B         103 kB
Î“Ă¶ÂŁ â•žĂ† /api/draws                             227 B         103 kB
Î“Ă¶ÂŁ â•žĂ† /api/draws/enter                       227 B         103 kB
Î“Ă¶ÂŁ â•žĂ† /api/draws/run                         227 B         103 kB
Î“Ă¶ÂŁ â•žĂ† /api/profile                           227 B         103 kB
Î“Ă¶ÂŁ â•žĂ† /api/scores                            227 B         103 kB
Î“Ă¶ÂŁ â•žĂ† /api/scores/[id]                       227 B         103 kB
Î“Ă¶ÂŁ â•žĂ† /api/scores/add                        227 B         103 kB
Î“Ă¶ÂŁ â•žĂ† /api/stripe/checkout                   227 B         103 kB
Î“Ă¶ÂŁ â•žĂ† /api/stripe/webhook                    227 B         103 kB
Î“Ă¶ÂŁ â•žĂ† /api/subscription                      227 B         103 kB
Î“Ă¶ÂŁ â•žĂ† /api/user/select-charity               227 B         103 kB
Î“Ă¶ÂŁ â•žĂ† /api/winners/upload-proof              227 B         103 kB
Î“Ă¶ÂŁ â•žĂ† /api/winnings                          227 B         103 kB
Î“Ă¶ÂŁ â•žĂ† /dashboard                           2.45 kB         165 kB
Î“Ă¶ÂŁ Î“ĂąĂŻ /draws                               1.85 kB         165 kB
Î“Ă¶ÂŁ Î“ĂąĂŻ /draws/enter                          2.1 kB         165 kB
Î“Ă¶ÂŁ Î“ĂąĂŻ /forgot-password                     1.18 kB         164 kB
Î“Ă¶ÂŁ Î“ĂąĂŻ /login                               1.75 kB         165 kB
Î“Ă¶ÂŁ Î“ĂąĂŻ /onboarding/charity                  2.08 kB         165 kB
Î“Ă¶ÂŁ Î“ĂąĂŻ /onboarding/contribution              1.3 kB         164 kB
Î“Ă¶ÂŁ Î“ĂąĂŻ /onboarding/plan                     1.42 kB         164 kB
Î“Ă¶ÂŁ Î“ĂąĂŻ /privacy                               227 B         103 kB
Î“Ă¶ÂŁ Î“ĂąĂŻ /register                             2.4 kB         165 kB
Î“Ă¶ÂŁ Î“ĂąĂŻ /reset-password                       1.5 kB         164 kB
Î“Ă¶ÂŁ Î“ĂąĂŻ /scores                              2.33 kB         165 kB
Î“Ă¶ÂŁ Î“ĂąĂŻ /scores/submit                       1.89 kB         165 kB
Î“Ă¶ÂŁ Î“ĂąĂŻ /terms                                 227 B         103 kB
Î“Ă¶ÂŁ Î“ĂąĂŻ /winnings                            1.61 kB         165 kB
Î“Ă¶Ă¶ â•žĂ† /winnings/upload/[winnerId]          1.91 kB         165 kB
+ First Load JS shared by all             102 kB
  Î“Ă¶ÂŁ chunks/4490-21afb6c996eb78b3.js      46.1 kB
  Î“Ă¶ÂŁ chunks/c4874b1c-2faf2c3bc0daa0e0.js  54.2 kB
  Î“Ă¶Ă¶ other shared chunks (total)             2 kB


â•žĂ† Middleware                             87.3 kB

Î“ĂąĂŻ  (Static)   prerendered as static content
â•žĂ†  (Dynamic)  server-rendered on demand

